<?xml version="1.0" encoding="UTF-8"?>
<testsuite name="RaindropsSpec" tests="18" skipped="0" failures="0" errors="0" timestamp="2019-12-05T12:43:48" hostname="XPESMALW0004.budapest.epam.com" time="0.108">
  <properties/>
  <testcase name="The sound for 1 is 1" classname="RaindropsSpec" time="0.091"/>
  <testcase name="The sound for 3 is Pling" classname="RaindropsSpec" time="0.007"/>
  <testcase name="The sound for 5 is Plang" classname="RaindropsSpec" time="0.001"/>
  <testcase name="The sound for 7 is Plong" classname="RaindropsSpec" time="0.0"/>
  <testcase name="The sound for 6 is Pling as it has a factor 3" classname="RaindropsSpec" time="0.001"/>
  <testcase name="2 to the power 3 does not make a raindrop sound as 3 is the exponent not the base" classname="RaindropsSpec" time="0.0"/>
  <testcase name="The sound for 9 is Pling as it has a factor 3" classname="RaindropsSpec" time="0.001"/>
  <testcase name="The sound for 10 is Plang as it has a factor 5" classname="RaindropsSpec" time="0.001"/>
  <testcase name="The sound for 14 is Plong as it has a factor of 7" classname="RaindropsSpec" time="0.0"/>
  <testcase name="The sound for 15 is PlingPlang as it has factors 3 and 5" classname="RaindropsSpec" time="0.001"/>
  <testcase name="The sound for 21 is PlingPlong as it has factors 3 and 7" classname="RaindropsSpec" time="0.0"/>
  <testcase name="The sound for 25 is Plang as it has a factor 5" classname="RaindropsSpec" time="0.001"/>
  <testcase name="The sound for 27 is Pling as it has a factor 3" classname="RaindropsSpec" time="0.0"/>
  <testcase name="The sound for 35 is PlangPlong as it has factors 5 and 7" classname="RaindropsSpec" time="0.001"/>
  <testcase name="The sound for 49 is Plong as it has a factor 7" classname="RaindropsSpec" time="0.0"/>
  <testcase name="The sound for 52 is 52" classname="RaindropsSpec" time="0.002"/>
  <testcase name="The sound for 105 is PlingPlangPlong as it has factors 3, 5 and 7" classname="RaindropsSpec" time="0.0"/>
  <testcase name="The sound for 3125 is Plang as it has a factor 5" classname="RaindropsSpec" time="0.0"/>
  <system-out><![CDATA[]]></system-out>
  <system-err><![CDATA[]]></system-err>
</testsuite>
